INFO  time: initialize in 3.14s
WARN  no build tool detected in workspace 'C:\Users\Lenovo\Exercism'. The most common cause for this problem is that the editor was opened in the wrong working directory, for example if you use sbt then the workspace directory should contain build.sbt. 
WARN  no build target: C:\Users\Lenovo\Exercism\scala\bob\src\main\scala\Bob.scala
WARN  no build target: C:\Users\Lenovo\Exercism\scala\bob\src\test\scala\BobTest.scala
INFO  no build target: using presentation compiler with only scala-library
WARN  no build tool detected in workspace 'C:\Users\Lenovo\Exercism'. The most common cause for this problem is that the editor was opened in the wrong working directory, for example if you use sbt then the workspace directory should contain build.sbt. 
WARN  no build tool detected in workspace 'C:\Users\Lenovo\Exercism'. The most common cause for this problem is that the editor was opened in the wrong working directory, for example if you use sbt then the workspace directory should contain build.sbt. 
WARN  no build tool detected in workspace 'C:\Users\Lenovo\Exercism'. The most common cause for this problem is that the editor was opened in the wrong working directory, for example if you use sbt then the workspace directory should contain build.sbt. 
WARN  no build tool detected in workspace 'C:\Users\Lenovo\Exercism'. The most common cause for this problem is that the editor was opened in the wrong working directory, for example if you use sbt then the workspace directory should contain build.sbt. 
WARN  no build target: C:\Users\Lenovo\Exercism\scala\bob\src\main\scala\Bob.scala
WARN  no build tool detected in workspace 'C:\Users\Lenovo\Exercism'. The most common cause for this problem is that the editor was opened in the wrong working directory, for example if you use sbt then the workspace directory should contain build.sbt. 
WARN  no build tool detected in workspace 'C:\Users\Lenovo\Exercism'. The most common cause for this problem is that the editor was opened in the wrong working directory, for example if you use sbt then the workspace directory should contain build.sbt. 
WARN  no build target: C:\Users\Lenovo\Exercism\scala\bob\src\main\scala\Bob.scala
WARN  no build target: C:\Users\Lenovo\Exercism\scala\bob\src\main\scala\Bob.scala
WARN  no build target: C:\Users\Lenovo\Exercism\scala\bob\src\main\scala\Bob.scala
WARN  no build target: C:\Users\Lenovo\Exercism\scala\bob\src\main\scala\Bob.scala
WARN  no build target: C:\Users\Lenovo\Exercism\scala\bob\src\main\scala\Bob.scala
WARN  no build target: C:\Users\Lenovo\Exercism\scala\bob\src\main\scala\Bob.scala
Sep 11, 2019 3:51:32 PM scala.meta.internal.pc.CompilerAccess retryWithCleanCompiler
INFO: compiler crashed due to an error in the Scala compiler, retrying with new compiler instance.
Sep 11, 2019 3:51:33 PM scala.meta.internal.pc.CompilerAccess handleError
SEVERE: null
java.lang.NullPointerException
	at scala.reflect.internal.Definitions$DefinitionsClass.isByNameParamType(Definitions.scala:417)
	at scala.reflect.internal.TreeInfo.isStableIdent(TreeInfo.scala:137)
	at scala.reflect.internal.TreeInfo.isStableIdentifier(TreeInfo.scala:113)
	at scala.reflect.internal.TreeInfo.isPath(TreeInfo.scala:102)
	at scala.reflect.internal.TreeInfo.admitsTypeSelection(TreeInfo.scala:155)
	at scala.tools.nsc.interactive.Global.stabilizedType(Global.scala:959)
	at scala.tools.nsc.interactive.Global.typedTreeAt(Global.scala:807)
	at scala.meta.internal.pc.SignatureHelpProvider.signatureHelp(SignatureHelpProvider.scala:22)

WARN  no build target: C:\Users\Lenovo\Exercism\scala\bob\src\main\scala\Bob.scala
WARN  no build tool detected in workspace 'C:\Users\Lenovo\Exercism'. The most common cause for this problem is that the editor was opened in the wrong working directory, for example if you use sbt then the workspace directory should contain build.sbt. 
WARN  no build tool detected in workspace 'C:\Users\Lenovo\Exercism'. The most common cause for this problem is that the editor was opened in the wrong working directory, for example if you use sbt then the workspace directory should contain build.sbt. 
WARN  no build tool detected in workspace 'C:\Users\Lenovo\Exercism'. The most common cause for this problem is that the editor was opened in the wrong working directory, for example if you use sbt then the workspace directory should contain build.sbt. 
WARN  no build tool detected in workspace 'C:\Users\Lenovo\Exercism'. The most common cause for this problem is that the editor was opened in the wrong working directory, for example if you use sbt then the workspace directory should contain build.sbt. 
Sep 11, 2019 3:52:08 PM scala.meta.internal.pc.CompilerAccess handleError
SEVERE: String index out of range: -2
java.lang.StringIndexOutOfBoundsException: String index out of range: -2
	at java.lang.String.<init>(String.java:196)
	at scala.tools.nsc.interactive.Global.typeCompletions$1(Global.scala:1230)
	at scala.tools.nsc.interactive.Global.completionsAt(Global.scala:1253)
	at scala.meta.internal.pc.SignatureHelpProvider.$anonfun$treeSymbol$1(SignatureHelpProvider.scala:369)
	at scala.Option.map(Option.scala:230)
	at scala.meta.internal.pc.SignatureHelpProvider.treeSymbol(SignatureHelpProvider.scala:368)
	at scala.meta.internal.pc.SignatureHelpProvider$MethodCall$.unapply(SignatureHelpProvider.scala:197)
	at scala.meta.internal.pc.SignatureHelpProvider$MethodCallTraverser.visit(SignatureHelpProvider.scala:305)
	at scala.meta.internal.pc.SignatureHelpProvider$MethodCallTraverser.traverse(SignatureHelpProvider.scala:300)
	at scala.meta.internal.pc.SignatureHelpProvider$MethodCallTraverser.fromTree(SignatureHelpProvider.scala:269)
	at scala.meta.internal.pc.SignatureHelpProvider.signatureHelp(SignatureHelpProvider.scala:26)

WARN  no build target: C:\Users\Lenovo\Exercism\scala\bob\src\main\scala\Bob.scala
WARN  no build tool detected in workspace 'C:\Users\Lenovo\Exercism'. The most common cause for this problem is that the editor was opened in the wrong working directory, for example if you use sbt then the workspace directory should contain build.sbt. 
WARN  no build tool detected in workspace 'C:\Users\Lenovo\Exercism'. The most common cause for this problem is that the editor was opened in the wrong working directory, for example if you use sbt then the workspace directory should contain build.sbt. 
WARN  no build tool detected in workspace 'C:\Users\Lenovo\Exercism'. The most common cause for this problem is that the editor was opened in the wrong working directory, for example if you use sbt then the workspace directory should contain build.sbt. 
WARN  no build tool detected in workspace 'C:\Users\Lenovo\Exercism'. The most common cause for this problem is that the editor was opened in the wrong working directory, for example if you use sbt then the workspace directory should contain build.sbt. 
WARN  no build target: C:\Users\Lenovo\Exercism\scala\bob\src\main\scala\Bob.scala
WARN  no build target: C:\Users\Lenovo\Exercism\scala\bob\src\test\scala\BobTest.scala
INFO  time: initialize in 5.96s
WARN  no build tool detected in workspace 'C:\Users\Lenovo\Exercism'. The most common cause for this problem is that the editor was opened in the wrong working directory, for example if you use sbt then the workspace directory should contain build.sbt. 
WARN  no build target: C:\Users\Lenovo\Exercism\scala\bob\src\test\scala\BobTest.scala
Sep 12, 2019 1:08:40 PM org.eclipse.lsp4j.jsonrpc.services.GenericEndpoint notify
INFO: Unsupported notification method: $/setTraceNotification
